{ message: 'doctor sam@test.com accessed patient testOne@test.com notes.',
  level: 'accessed',
  timestamp: '2018-04-08T20:24:42.988Z',
  [Symbol(level)]: 'accessed' }
{ message: 'doctor sam@test.com changed patient testOne@test.com notes.',
  level: 'changed',
  timestamp: '2018-04-08T20:24:42.989Z',
  [Symbol(level)]: 'changed' }
{ message: 'doctor sam@test.com accessed patient testOne@test.com notes.',
  level: 'accessed',
  timestamp: '2018-04-08T20:28:43.218Z',
  [Symbol(level)]: 'accessed' }
{ message: 'doctor sam@test.com accessed patient testOne@test.com notes.',
  level: 'accessed',
  timestamp: '2018-04-08T20:31:08.651Z',
  [Symbol(level)]: 'accessed' }
{ message: 'doctor sam@test.com accessed patient testOne@test.com notes.',
  level: 'accessed',
  timestamp: '2018-04-08T20:31:56.516Z',
  [Symbol(level)]: 'accessed' }
{ message: 'doctor sam@test.com modified patient testOne@test.com notes.',
  level: 'changed',
  timestamp: '2018-04-08T20:32:14.672Z',
  [Symbol(level)]: 'changed' }
